1784507440.203538 client started (3377): version 3.0a, socket /tmp/tmux-1000/default, protocol 8
1784507440.203600 on Linux 5.15.167.4-microsoft-standard-WSL2 #1 SMP Tue Nov 5 00:21:55 UTC 2024; libevent 2.1.11-stable (poll)
1784507440.203612 socket is /tmp/tmux-1000/default
1784507440.203618 trying connect
1784507440.204016 connect failed: Connection refused
1784507440.204075 lock file is /tmp/tmux-1000/default.lock
1784507440.204110 flock succeeded
1784507440.204113 got lock (6)
1784507440.204133 trying connect
1784507440.204142 connect failed: Connection refused
1784507440.204304 add peer 0x563184ce30a0: 7 ((nil))
1784507440.204438 sending message 100 to peer 0x563184ce30a0 (4 bytes)
1784507440.204471 sending message 101 to peer 0x563184ce30a0 (15 bytes)
1784507440.204475 sending message 102 to peer 0x563184ce30a0 (12 bytes)
1784507440.204479 sending message 108 to peer 0x563184ce30a0 (17 bytes)
1784507440.204482 sending message 104 to peer 0x563184ce30a0 (0 bytes)
1784507440.204486 sending message 107 to peer 0x563184ce30a0 (4 bytes)
1784507440.204488 sending message 105 to peer 0x563184ce30a0 (16 bytes)
1784507440.204492 sending message 105 to peer 0x563184ce30a0 (121 bytes)
1784507440.204495 sending message 105 to peer 0x563184ce30a0 (59 bytes)
1784507440.204498 sending message 105 to peer 0x563184ce30a0 (20 bytes)
1784507440.204501 sending message 105 to peer 0x563184ce30a0 (24 bytes)
1784507440.204504 sending message 105 to peer 0x563184ce30a0 (29 bytes)
1784507440.204507 sending message 105 to peer 0x563184ce30a0 (23 bytes)
1784507440.204510 sending message 105 to peer 0x563184ce30a0 (18 bytes)
1784507440.204513 sending message 105 to peer 0x563184ce30a0 (21 bytes)
1784507440.204516 sending message 105 to peer 0x563184ce30a0 (14 bytes)
1784507440.204519 sending message 105 to peer 0x563184ce30a0 (39 bytes)
1784507440.204522 sending message 105 to peer 0x563184ce30a0 (101 bytes)
1784507440.204525 sending message 105 to peer 0x563184ce30a0 (45 bytes)
1784507440.204528 sending message 105 to peer 0x563184ce30a0 (17 bytes)
1784507440.204531 sending message 105 to peer 0x563184ce30a0 (13 bytes)
1784507440.204534 sending message 105 to peer 0x563184ce30a0 (33 bytes)
1784507440.204537 sending message 105 to peer 0x563184ce30a0 (1506 bytes)
1784507440.204547 sending message 105 to peer 0x563184ce30a0 (26 bytes)
1784507440.204550 sending message 105 to peer 0x563184ce30a0 (115 bytes)
1784507440.204553 sending message 105 to peer 0x563184ce30a0 (31 bytes)
1784507440.204556 sending message 105 to peer 0x563184ce30a0 (35 bytes)
1784507440.204559 sending message 105 to peer 0x563184ce30a0 (27 bytes)
1784507440.204562 sending message 105 to peer 0x563184ce30a0 (34 bytes)
1784507440.204565 sending message 105 to peer 0x563184ce30a0 (20 bytes)
1784507440.204568 sending message 105 to peer 0x563184ce30a0 (27 bytes)
1784507440.204571 sending message 105 to peer 0x563184ce30a0 (32 bytes)
1784507440.204575 sending message 105 to peer 0x563184ce30a0 (11 bytes)
1784507440.204578 sending message 105 to peer 0x563184ce30a0 (71 bytes)
1784507440.204581 sending message 105 to peer 0x563184ce30a0 (11 bytes)
1784507440.204584 sending message 105 to peer 0x563184ce30a0 (8 bytes)
1784507440.204587 sending message 105 to peer 0x563184ce30a0 (38 bytes)
1784507440.204589 sending message 105 to peer 0x563184ce30a0 (34 bytes)
1784507440.204591 sending message 105 to peer 0x563184ce30a0 (29 bytes)
1784507440.204593 sending message 105 to peer 0x563184ce30a0 (132 bytes)
1784507440.204595 sending message 105 to peer 0x563184ce30a0 (65 bytes)
1784507440.204597 sending message 105 to peer 0x563184ce30a0 (2763 bytes)
1784507440.204602 sending message 105 to peer 0x563184ce30a0 (16 bytes)
1784507440.204604 sending message 105 to peer 0x563184ce30a0 (40 bytes)
1784507440.204607 sending message 105 to peer 0x563184ce30a0 (25 bytes)
1784507440.204608 sending message 105 to peer 0x563184ce30a0 (20 bytes)
1784507440.204611 sending message 105 to peer 0x563184ce30a0 (95 bytes)
1784507440.204613 sending message 105 to peer 0x563184ce30a0 (16 bytes)
1784507440.204615 sending message 106 to peer 0x563184ce30a0 (0 bytes)
1784507440.204622 sending message 200 to peer 0x563184ce30a0 (4 bytes)
1784507440.204624 client loop enter
1784507440.242534 peer 0x563184ce30a0 message 207
1784507440.242566 sending message 208 to peer 0x563184ce30a0 (0 bytes)
1784507471.351405 sending message 205 to peer 0x563184ce30a0 (0 bytes)
1784507471.352024 peer 0x563184ce30a0 message 204
1784507471.352057 client loop exit
